Build started 2020-11-17 오후 7:36:51.
     1>Project "C:\Users\Home\OneDrive\바탕 화면\자료구조\LABHW11\HW5_1(재제출)\HW5_1(재제출).vcxproj" on node 2 (build target(s)).
     1>InitializeBuildStatus:
         Creating "Debug\HW5_1(재제출).unsuccessfulbuild" because "AlwaysCreate" was specified.
       ClCompile:
         c:\Program Files (x86)\Microsoft Visual Studio 10.0\VC\bin\CL.exe /c /ZI /nologo /W3 /WX- /Od /Oy- /D WIN32 /D _DEBUG /D _CONSOLE /D _UNICODE /D UNICODE /Gm /EHsc /RTC1 /MDd /GS /fp:precise /Zc:wchar_t /Zc:forScope /Fo"Debug\\" /Fd"Debug\vc100.pdb" /Gd /TC /analyze- /errorReport:prompt "HW5_1(재제출).c"
         HW5_1(재제출).c
     1>c:\users\home\onedrive\바탕 화면\자료구조\labhw11\hw5_1(재제출)\hw5_1(재제출).c(175): warning C4996: 'scanf': This function or variable may be unsafe. Consider using scanf_s instead. To disable deprecation, use _CRT_SECURE_NO_WARNINGS. See online help for details.
                 c:\program files (x86)\microsoft visual studio 10.0\vc\include\stdio.h(304) : see declaration of 'scanf'
     1>c:\users\home\onedrive\바탕 화면\자료구조\labhw11\hw5_1(재제출)\hw5_1(재제출).c(183): warning C4996: 'scanf': This function or variable may be unsafe. Consider using scanf_s instead. To disable deprecation, use _CRT_SECURE_NO_WARNINGS. See online help for details.
                 c:\program files (x86)\microsoft visual studio 10.0\vc\include\stdio.h(304) : see declaration of 'scanf'
     1>c:\users\home\onedrive\바탕 화면\자료구조\labhw11\hw5_1(재제출)\hw5_1(재제출).c(191): warning C4996: 'scanf': This function or variable may be unsafe. Consider using scanf_s instead. To disable deprecation, use _CRT_SECURE_NO_WARNINGS. See online help for details.
                 c:\program files (x86)\microsoft visual studio 10.0\vc\include\stdio.h(304) : see declaration of 'scanf'
     1>c:\users\home\onedrive\바탕 화면\자료구조\labhw11\hw5_1(재제출)\hw5_1(재제출).c(194): warning C4996: 'scanf': This function or variable may be unsafe. Consider using scanf_s instead. To disable deprecation, use _CRT_SECURE_NO_WARNINGS. See online help for details.
                 c:\program files (x86)\microsoft visual studio 10.0\vc\include\stdio.h(304) : see declaration of 'scanf'
     1>c:\users\home\onedrive\바탕 화면\자료구조\labhw11\hw5_1(재제출)\hw5_1(재제출).c(198): warning C4996: 'scanf': This function or variable may be unsafe. Consider using scanf_s instead. To disable deprecation, use _CRT_SECURE_NO_WARNINGS. See online help for details.
                 c:\program files (x86)\microsoft visual studio 10.0\vc\include\stdio.h(304) : see declaration of 'scanf'
     1>c:\users\home\onedrive\바탕 화면\자료구조\labhw11\hw5_1(재제출)\hw5_1(재제출).c(149): warning C4101: 'e5' : unreferenced local variable
     1>c:\users\home\onedrive\바탕 화면\자료구조\labhw11\hw5_1(재제출)\hw5_1(재제출).c(149): warning C4101: 'e6' : unreferenced local variable
       ManifestResourceCompile:
         All outputs are up-to-date.
       Link:
         c:\Program Files (x86)\Microsoft Visual Studio 10.0\VC\bin\link.exe /ERRORREPORT:PROMPT /OUT:"C:\Users\Home\OneDrive\바탕 화면\자료구조\LABHW11\Debug\HW5_1(재제출).exe" /INCREMENTAL /NOLOGO kernel32.lib user32.lib gdi32.lib winspool.lib comdlg32.lib advapi32.lib shell32.lib ole32.lib oleaut32.lib uuid.lib odbc32.lib odbccp32.lib /MANIFEST /ManifestFile:"Debug\HW5_1(재제출).exe.intermediate.manifest" /MANIFESTUAC:"level='asInvoker' uiAccess='false'" /DEBUG /PDB:"C:\Users\Home\OneDrive\바탕 화면\자료구조\LABHW11\Debug\HW5_1(재제출).pdb" /SUBSYSTEM:CONSOLE /TLBID:1 /DYNAMICBASE /NXCOMPAT /IMPLIB:"C:\Users\Home\OneDrive\바탕 화면\자료구조\LABHW11\Debug\HW5_1(재제출).lib" /MACHINE:X86 "Debug\HW5_1(재제출).exe.embed.manifest.res"
         "Debug\HW5_1(재제출).obj"
       Manifest:
         C:\Program Files (x86)\Microsoft SDKs\Windows\v7.0A\bin\mt.exe /nologo /verbose /out:"Debug\HW5_1(재제출).exe.embed.manifest" /manifest "Debug\HW5_1(재제출).exe.intermediate.manifest"
         All outputs are up-to-date.
       LinkEmbedManifest:
         All outputs are up-to-date.
         HW5_1(재제출).vcxproj -> C:\Users\Home\OneDrive\바탕 화면\자료구조\LABHW11\Debug\HW5_1(재제출).exe
       FinalizeBuildStatus:
         Deleting file "Debug\HW5_1(재제출).unsuccessfulbuild".
         Touching "Debug\HW5_1(재제출).lastbuildstate".
     1>Done Building Project "C:\Users\Home\OneDrive\바탕 화면\자료구조\LABHW11\HW5_1(재제출)\HW5_1(재제출).vcxproj" (build target(s)).

Build succeeded.

Time Elapsed 00:00:06.62
