Build started 2020-11-16 오전 4:12:09.
     1>Project "C:\Users\Home\OneDrive\바탕 화면\LABHW11\HW6_2_1\HW6_2_1.vcxproj" on node 2 (build target(s)).
     1>InitializeBuildStatus:
         Creating "Debug\HW6_2_1.unsuccessfulbuild" because "AlwaysCreate" was specified.
       ClCompile:
         c:\Program Files (x86)\Microsoft Visual Studio 10.0\VC\bin\CL.exe /c /ZI /nologo /W3 /WX- /Od /Oy- /D WIN32 /D _DEBUG /D _CONSOLE /D _UNICODE /D UNICODE /Gm /EHsc /RTC1 /MDd /GS /fp:precise /Zc:wchar_t /Zc:forScope /Fo"Debug\\" /Fd"Debug\vc100.pdb" /Gd /TC /analyze- /errorReport:prompt HW6_2_1.c
         HW6_2_1.c
     1>c:\users\home\onedrive\바탕 화면\labhw11\hw6_2_1\hw6_2_1.c(61): warning C4101: 'u' : unreferenced local variable
       ManifestResourceCompile:
         All outputs are up-to-date.
       Link:
         c:\Program Files (x86)\Microsoft Visual Studio 10.0\VC\bin\link.exe /ERRORREPORT:PROMPT /OUT:"C:\Users\Home\OneDrive\바탕 화면\LABHW11\Debug\HW6_2_1.exe" /INCREMENTAL /NOLOGO kernel32.lib user32.lib gdi32.lib winspool.lib comdlg32.lib advapi32.lib shell32.lib ole32.lib oleaut32.lib uuid.lib odbc32.lib odbccp32.lib /MANIFEST /ManifestFile:"Debug\HW6_2_1.exe.intermediate.manifest" /MANIFESTUAC:"level='asInvoker' uiAccess='false'" /DEBUG /PDB:"C:\Users\Home\OneDrive\바탕 화면\LABHW11\Debug\HW6_2_1.pdb" /SUBSYSTEM:CONSOLE /TLBID:1 /DYNAMICBASE /NXCOMPAT /IMPLIB:"C:\Users\Home\OneDrive\바탕 화면\LABHW11\Debug\HW6_2_1.lib" /MACHINE:X86 Debug\HW6_2_1.exe.embed.manifest.res
         Debug\HW6_2_1.obj
       Manifest:
         C:\Program Files (x86)\Microsoft SDKs\Windows\v7.0A\bin\mt.exe /nologo /verbose /out:"Debug\HW6_2_1.exe.embed.manifest" /manifest Debug\HW6_2_1.exe.intermediate.manifest
         All outputs are up-to-date.
       LinkEmbedManifest:
         All outputs are up-to-date.
         HW6_2_1.vcxproj -> C:\Users\Home\OneDrive\바탕 화면\LABHW11\Debug\HW6_2_1.exe
       FinalizeBuildStatus:
         Deleting file "Debug\HW6_2_1.unsuccessfulbuild".
         Touching "Debug\HW6_2_1.lastbuildstate".
     1>Done Building Project "C:\Users\Home\OneDrive\바탕 화면\LABHW11\HW6_2_1\HW6_2_1.vcxproj" (build target(s)).

Build succeeded.

Time Elapsed 00:00:02.95
