Build started 2020-10-05 오전 1:54:40.
     1>Project "C:\Users\Home\OneDrive\바탕 화면\자료구조\LABHW5\LABHW5\HW1_2\HW1_2.vcxproj" on node 2 (build target(s)).
     1>InitializeBuildStatus:
         Creating "Debug\HW1_2.unsuccessfulbuild" because "AlwaysCreate" was specified.
       ClCompile:
         c:\Program Files (x86)\Microsoft Visual Studio 10.0\VC\bin\CL.exe /c /ZI /nologo /W3 /WX- /Od /Oy- /D WIN32 /D _DEBUG /D _CONSOLE /D _UNICODE /D UNICODE /Gm /EHsc /RTC1 /MDd /GS /fp:precise /Zc:wchar_t /Zc:forScope /Fo"Debug\\" /Fd"Debug\vc100.pdb" /Gd /TC /analyze- /errorReport:prompt HW1_2.c
         HW1_2.c
     1>c:\users\home\onedrive\바탕 화면\자료구조\labhw5\labhw5\hw1_2\hw1_2.c(78): warning C4101: 'removed' : unreferenced local variable
     1>c:\users\home\onedrive\바탕 화면\자료구조\labhw5\labhw5\hw1_2\hw1_2.c(245): warning C4033: 'insert_pos' must return a value
     1>c:\users\home\onedrive\바탕 화면\자료구조\labhw5\labhw5\hw1_2\hw1_2.c(270): warning C4033: 'delete_pos' must return a value
     1>c:\users\home\onedrive\바탕 화면\자료구조\labhw5\labhw5\hw1_2\hw1_2.c(210): warning C4715: 'get_entry' : not all control paths return a value
     1>c:\users\home\onedrive\바탕 화면\자료구조\labhw5\labhw5\hw1_2\hw1_2.c(259): warning C4715: 'insert_pos' : not all control paths return a value
     1>c:\users\home\onedrive\바탕 화면\자료구조\labhw5\labhw5\hw1_2\hw1_2.c(287): warning C4715: 'delete_pos' : not all control paths return a value
       ManifestResourceCompile:
         All outputs are up-to-date.
       Link:
         c:\Program Files (x86)\Microsoft Visual Studio 10.0\VC\bin\link.exe /ERRORREPORT:PROMPT /OUT:"C:\Users\Home\OneDrive\바탕 화면\자료구조\LABHW5\LABHW5\Debug\HW1_2.exe" /INCREMENTAL /NOLOGO kernel32.lib user32.lib gdi32.lib winspool.lib comdlg32.lib advapi32.lib shell32.lib ole32.lib oleaut32.lib uuid.lib odbc32.lib odbccp32.lib /MANIFEST /ManifestFile:"Debug\HW1_2.exe.intermediate.manifest" /MANIFESTUAC:"level='asInvoker' uiAccess='false'" /DEBUG /PDB:"C:\Users\Home\OneDrive\바탕 화면\자료구조\LABHW5\LABHW5\Debug\HW1_2.pdb" /SUBSYSTEM:CONSOLE /TLBID:1 /DYNAMICBASE /NXCOMPAT /IMPLIB:"C:\Users\Home\OneDrive\바탕 화면\자료구조\LABHW5\LABHW5\Debug\HW1_2.lib" /MACHINE:X86 Debug\HW1_2.exe.embed.manifest.res
         Debug\HW1_2.obj
       Manifest:
         C:\Program Files (x86)\Microsoft SDKs\Windows\v7.0A\bin\mt.exe /nologo /verbose /out:"Debug\HW1_2.exe.embed.manifest" /manifest Debug\HW1_2.exe.intermediate.manifest
         All outputs are up-to-date.
       LinkEmbedManifest:
         All outputs are up-to-date.
         HW1_2.vcxproj -> C:\Users\Home\OneDrive\바탕 화면\자료구조\LABHW5\LABHW5\Debug\HW1_2.exe
       FinalizeBuildStatus:
         Deleting file "Debug\HW1_2.unsuccessfulbuild".
         Touching "Debug\HW1_2.lastbuildstate".
     1>Done Building Project "C:\Users\Home\OneDrive\바탕 화면\자료구조\LABHW5\LABHW5\HW1_2\HW1_2.vcxproj" (build target(s)).

Build succeeded.

Time Elapsed 00:00:01.57
