Build started 2020-10-12 오전 2:01:08.
     1>Project "C:\Users\Home\OneDrive\바탕 화면\자료구조\LABHW6\LABHW6\HW1_5(텍스트에디터)\HW1_5(텍스트에디터).vcxproj" on node 2 (build target(s)).
     1>InitializeBuildStatus:
         Creating "Debug\HW1_5(텍스트에디터).unsuccessfulbuild" because "AlwaysCreate" was specified.
       ClCompile:
         c:\Program Files (x86)\Microsoft Visual Studio 10.0\VC\bin\CL.exe /c /ZI /nologo /W3 /WX- /Od /Oy- /D WIN32 /D _DEBUG /D _CONSOLE /D _UNICODE /D UNICODE /Gm /EHsc /RTC1 /MDd /GS /fp:precise /Zc:wchar_t /Zc:forScope /Fo"Debug\\" /Fd"Debug\vc100.pdb" /Gd /TC /analyze- /errorReport:prompt "HW1_5(텍스트에디터).c"
         HW1_5(텍스트에디터).c
     1>c:\users\home\onedrive\바탕 화면\자료구조\labhw6\labhw6\hw1_5(텍스트에디터)\hw1_5(텍스트에디터).c(101): warning C4033: 'insert_pos' must return a value
     1>c:\users\home\onedrive\바탕 화면\자료구조\labhw6\labhw6\hw1_5(텍스트에디터)\hw1_5(텍스트에디터).c(126): warning C4033: 'delete_pos' must return a value
     1>c:\users\home\onedrive\바탕 화면\자료구조\labhw6\labhw6\hw1_5(텍스트에디터)\hw1_5(텍스트에디터).c(164): warning C4996: 'scanf': This function or variable may be unsafe. Consider using scanf_s instead. To disable deprecation, use _CRT_SECURE_NO_WARNINGS. See online help for details.
                 c:\program files (x86)\microsoft visual studio 10.0\vc\include\stdio.h(304) : see declaration of 'scanf'
     1>c:\users\home\onedrive\바탕 화면\자료구조\labhw6\labhw6\hw1_5(텍스트에디터)\hw1_5(텍스트에디터).c(186): warning C4996: 'scanf': This function or variable may be unsafe. Consider using scanf_s instead. To disable deprecation, use _CRT_SECURE_NO_WARNINGS. See online help for details.
                 c:\program files (x86)\microsoft visual studio 10.0\vc\include\stdio.h(304) : see declaration of 'scanf'
     1>c:\users\home\onedrive\바탕 화면\자료구조\labhw6\labhw6\hw1_5(텍스트에디터)\hw1_5(텍스트에디터).c(197): warning C4996: 'scanf': This function or variable may be unsafe. Consider using scanf_s instead. To disable deprecation, use _CRT_SECURE_NO_WARNINGS. See online help for details.
                 c:\program files (x86)\microsoft visual studio 10.0\vc\include\stdio.h(304) : see declaration of 'scanf'
     1>c:\users\home\onedrive\바탕 화면\자료구조\labhw6\labhw6\hw1_5(텍스트에디터)\hw1_5(텍스트에디터).c(204): warning C4996: 'scanf': This function or variable may be unsafe. Consider using scanf_s instead. To disable deprecation, use _CRT_SECURE_NO_WARNINGS. See online help for details.
                 c:\program files (x86)\microsoft visual studio 10.0\vc\include\stdio.h(304) : see declaration of 'scanf'
     1>c:\users\home\onedrive\바탕 화면\자료구조\labhw6\labhw6\hw1_5(텍스트에디터)\hw1_5(텍스트에디터).c(90): warning C4715: 'get_entry' : not all control paths return a value
     1>c:\users\home\onedrive\바탕 화면\자료구조\labhw6\labhw6\hw1_5(텍스트에디터)\hw1_5(텍스트에디터).c(115): warning C4715: 'insert_pos' : not all control paths return a value
     1>c:\users\home\onedrive\바탕 화면\자료구조\labhw6\labhw6\hw1_5(텍스트에디터)\hw1_5(텍스트에디터).c(143): warning C4715: 'delete_pos' : not all control paths return a value
       ManifestResourceCompile:
         All outputs are up-to-date.
       Link:
         c:\Program Files (x86)\Microsoft Visual Studio 10.0\VC\bin\link.exe /ERRORREPORT:PROMPT /OUT:"C:\Users\Home\OneDrive\바탕 화면\자료구조\LABHW6\LABHW6\Debug\HW1_5(텍스트에디터).exe" /INCREMENTAL /NOLOGO kernel32.lib user32.lib gdi32.lib winspool.lib comdlg32.lib advapi32.lib shell32.lib ole32.lib oleaut32.lib uuid.lib odbc32.lib odbccp32.lib /MANIFEST /ManifestFile:"Debug\HW1_5(텍스트에디터).exe.intermediate.manifest" /MANIFESTUAC:"level='asInvoker' uiAccess='false'" /DEBUG /PDB:"C:\Users\Home\OneDrive\바탕 화면\자료구조\LABHW6\LABHW6\Debug\HW1_5(텍스트에디터).pdb" /SUBSYSTEM:CONSOLE /TLBID:1 /DYNAMICBASE /NXCOMPAT /IMPLIB:"C:\Users\Home\OneDrive\바탕 화면\자료구조\LABHW6\LABHW6\Debug\HW1_5(텍스트에디터).lib" /MACHINE:X86 "Debug\HW1_5(텍스트에디터).exe.embed.manifest.res"
         "Debug\HW1_5(텍스트에디터).obj"
       Manifest:
         C:\Program Files (x86)\Microsoft SDKs\Windows\v7.0A\bin\mt.exe /nologo /verbose /out:"Debug\HW1_5(텍스트에디터).exe.embed.manifest" /manifest "Debug\HW1_5(텍스트에디터).exe.intermediate.manifest"
         All outputs are up-to-date.
       LinkEmbedManifest:
         All outputs are up-to-date.
         HW1_5(텍스트에디터).vcxproj -> C:\Users\Home\OneDrive\바탕 화면\자료구조\LABHW6\LABHW6\Debug\HW1_5(텍스트에디터).exe
       FinalizeBuildStatus:
         Deleting file "Debug\HW1_5(텍스트에디터).unsuccessfulbuild".
         Touching "Debug\HW1_5(텍스트에디터).lastbuildstate".
     1>Done Building Project "C:\Users\Home\OneDrive\바탕 화면\자료구조\LABHW6\LABHW6\HW1_5(텍스트에디터)\HW1_5(텍스트에디터).vcxproj" (build target(s)).

Build succeeded.

Time Elapsed 00:00:02.60
