Build started 2020-09-26 오후 7:50:57.
     1>Project "C:\Users\Home\OneDrive\바탕 화면\자료구조\LABHW4\LABHW4\Review2_2\Review2_2.vcxproj" on node 2 (build target(s)).
     1>InitializeBuildStatus:
         Creating "Debug\Review2_2.unsuccessfulbuild" because "AlwaysCreate" was specified.
       ClCompile:
         c:\Program Files (x86)\Microsoft Visual Studio 10.0\VC\bin\CL.exe /c /ZI /nologo /W3 /WX- /Od /Oy- /D WIN32 /D _DEBUG /D _CONSOLE /D _UNICODE /D UNICODE /Gm /EHsc /RTC1 /MDd /GS /fp:precise /Zc:wchar_t /Zc:forScope /Fo"Debug\\" /Fd"Debug\vc100.pdb" /Gd /TC /analyze- /errorReport:prompt Review2_2.c
         Review2_2.c
       ManifestResourceCompile:
         All outputs are up-to-date.
       Link:
         c:\Program Files (x86)\Microsoft Visual Studio 10.0\VC\bin\link.exe /ERRORREPORT:PROMPT /OUT:"C:\Users\Home\OneDrive\바탕 화면\자료구조\LABHW4\LABHW4\Debug\Review2_2.exe" /INCREMENTAL /NOLOGO kernel32.lib user32.lib gdi32.lib winspool.lib comdlg32.lib advapi32.lib shell32.lib ole32.lib oleaut32.lib uuid.lib odbc32.lib odbccp32.lib /MANIFEST /ManifestFile:"Debug\Review2_2.exe.intermediate.manifest" /MANIFESTUAC:"level='asInvoker' uiAccess='false'" /DEBUG /PDB:"C:\Users\Home\OneDrive\바탕 화면\자료구조\LABHW4\LABHW4\Debug\Review2_2.pdb" /SUBSYSTEM:CONSOLE /TLBID:1 /DYNAMICBASE /NXCOMPAT /IMPLIB:"C:\Users\Home\OneDrive\바탕 화면\자료구조\LABHW4\LABHW4\Debug\Review2_2.lib" /MACHINE:X86 Debug\Review2_2.exe.embed.manifest.res
         Debug\Review2_2.obj
       Manifest:
         C:\Program Files (x86)\Microsoft SDKs\Windows\v7.0A\bin\mt.exe /nologo /verbose /out:"Debug\Review2_2.exe.embed.manifest" /manifest Debug\Review2_2.exe.intermediate.manifest
         All outputs are up-to-date.
       LinkEmbedManifest:
         All outputs are up-to-date.
         Review2_2.vcxproj -> C:\Users\Home\OneDrive\바탕 화면\자료구조\LABHW4\LABHW4\Debug\Review2_2.exe
       FinalizeBuildStatus:
         Deleting file "Debug\Review2_2.unsuccessfulbuild".
         Touching "Debug\Review2_2.lastbuildstate".
     1>Done Building Project "C:\Users\Home\OneDrive\바탕 화면\자료구조\LABHW4\LABHW4\Review2_2\Review2_2.vcxproj" (build target(s)).

Build succeeded.

Time Elapsed 00:00:02.04
