Build started 2020-10-12 오전 12:06:31.
     1>Project "C:\Users\Home\OneDrive\바탕 화면\자료구조\LABHW6\LABHW6\HW1_5(이중연결)\HW1_5(이중연결).vcxproj" on node 2 (build target(s)).
     1>InitializeBuildStatus:
         Creating "Debug\HW1_5(이중연결).unsuccessfulbuild" because "AlwaysCreate" was specified.
       ClCompile:
         c:\Program Files (x86)\Microsoft Visual Studio 10.0\VC\bin\CL.exe /c /ZI /nologo /W3 /WX- /Od /Oy- /D WIN32 /D _DEBUG /D _CONSOLE /D _UNICODE /D UNICODE /Gm /EHsc /RTC1 /MDd /GS /fp:precise /Zc:wchar_t /Zc:forScope /Fo"Debug\\" /Fd"Debug\vc100.pdb" /Gd /TC /analyze- /errorReport:prompt "HW1_5(이중연결).c"
         HW1_5(이중연결).c
     1>c:\users\home\onedrive\바탕 화면\자료구조\labhw6\labhw6\hw1_5(이중연결)\hw1_5(이중연결).c(71): warning C4033: 'search' must return a value
     1>c:\users\home\onedrive\바탕 화면\자료구조\labhw6\labhw6\hw1_5(이중연결)\hw1_5(이중연결).c(72): warning C4715: 'search' : not all control paths return a value
       ManifestResourceCompile:
         All outputs are up-to-date.
       Link:
         c:\Program Files (x86)\Microsoft Visual Studio 10.0\VC\bin\link.exe /ERRORREPORT:PROMPT /OUT:"C:\Users\Home\OneDrive\바탕 화면\자료구조\LABHW6\LABHW6\Debug\HW1_5(이중연결).exe" /INCREMENTAL /NOLOGO kernel32.lib user32.lib gdi32.lib winspool.lib comdlg32.lib advapi32.lib shell32.lib ole32.lib oleaut32.lib uuid.lib odbc32.lib odbccp32.lib /MANIFEST /ManifestFile:"Debug\HW1_5(이중연결).exe.intermediate.manifest" /MANIFESTUAC:"level='asInvoker' uiAccess='false'" /DEBUG /PDB:"C:\Users\Home\OneDrive\바탕 화면\자료구조\LABHW6\LABHW6\Debug\HW1_5(이중연결).pdb" /SUBSYSTEM:CONSOLE /TLBID:1 /DYNAMICBASE /NXCOMPAT /IMPLIB:"C:\Users\Home\OneDrive\바탕 화면\자료구조\LABHW6\LABHW6\Debug\HW1_5(이중연결).lib" /MACHINE:X86 "Debug\HW1_5(이중연결).exe.embed.manifest.res"
         "Debug\HW1_5(이중연결).obj"
       Manifest:
         C:\Program Files (x86)\Microsoft SDKs\Windows\v7.0A\bin\mt.exe /nologo /verbose /out:"Debug\HW1_5(이중연결).exe.embed.manifest" /manifest "Debug\HW1_5(이중연결).exe.intermediate.manifest"
         All outputs are up-to-date.
       LinkEmbedManifest:
         All outputs are up-to-date.
         HW1_5(이중연결).vcxproj -> C:\Users\Home\OneDrive\바탕 화면\자료구조\LABHW6\LABHW6\Debug\HW1_5(이중연결).exe
       FinalizeBuildStatus:
         Deleting file "Debug\HW1_5(이중연결).unsuccessfulbuild".
         Touching "Debug\HW1_5(이중연결).lastbuildstate".
     1>Done Building Project "C:\Users\Home\OneDrive\바탕 화면\자료구조\LABHW6\LABHW6\HW1_5(이중연결)\HW1_5(이중연결).vcxproj" (build target(s)).

Build succeeded.

Time Elapsed 00:00:01.29
