Build started 2020-11-16 오전 3:49:02.
     1>Project "C:\Users\Home\OneDrive\바탕 화면\자료구조\LABHW11\LABHW11\HW6_2_1\HW6_2_1.vcxproj" on node 2 (build target(s)).
     1>InitializeBuildStatus:
         Creating "Debug\HW6_2_1a.unsuccessfulbuild" because "AlwaysCreate" was specified.
       ClCompile:
         c:\Program Files (x86)\Microsoft Visual Studio 10.0\VC\bin\CL.exe /c /ZI /nologo /W3 /WX- /Od /Oy- /D WIN32 /D _DEBUG /D _CONSOLE /D _UNICODE /D UNICODE /Gm /EHsc /RTC1 /MDd /GS /fp:precise /Zc:wchar_t /Zc:forScope /Fo"Debug\\" /Fd"Debug\vc100.pdb" /Gd /TC /analyze- /errorReport:prompt HW6_2_1.c
         HW6_2_1.c
     1>c:\users\home\onedrive\바탕 화면\자료구조\labhw11\labhw11\hw6_2_1\hw6_2_1.c(28): warning C4996: 'fopen': This function or variable may be unsafe. Consider using fopen_s instead. To disable deprecation, use _CRT_SECURE_NO_WARNINGS. See online help for details.
                 c:\program files (x86)\microsoft visual studio 10.0\vc\include\stdio.h(234) : see declaration of 'fopen'
     1>c:\users\home\onedrive\바탕 화면\자료구조\labhw11\labhw11\hw6_2_1\hw6_2_1.c(34): warning C4996: 'fscanf': This function or variable may be unsafe. Consider using fscanf_s instead. To disable deprecation, use _CRT_SECURE_NO_WARNINGS. See online help for details.
                 c:\program files (x86)\microsoft visual studio 10.0\vc\include\stdio.h(253) : see declaration of 'fscanf'
     1>c:\users\home\onedrive\바탕 화면\자료구조\labhw11\labhw11\hw6_2_1\hw6_2_1.c(35): warning C4996: 'fscanf': This function or variable may be unsafe. Consider using fscanf_s instead. To disable deprecation, use _CRT_SECURE_NO_WARNINGS. See online help for details.
                 c:\program files (x86)\microsoft visual studio 10.0\vc\include\stdio.h(253) : see declaration of 'fscanf'
     1>c:\users\home\onedrive\바탕 화면\자료구조\labhw11\labhw11\hw6_2_1\hw6_2_1.c(65): warning C4996: 'scanf': This function or variable may be unsafe. Consider using scanf_s instead. To disable deprecation, use _CRT_SECURE_NO_WARNINGS. See online help for details.
                 c:\program files (x86)\microsoft visual studio 10.0\vc\include\stdio.h(304) : see declaration of 'scanf'
     1>c:\users\home\onedrive\바탕 화면\자료구조\labhw11\labhw11\hw6_2_1\hw6_2_1.c(58): warning C4101: 'u' : unreferenced local variable
       ManifestResourceCompile:
         All outputs are up-to-date.
       Link:
         c:\Program Files (x86)\Microsoft Visual Studio 10.0\VC\bin\link.exe /ERRORREPORT:PROMPT /OUT:"C:\Users\Home\OneDrive\바탕 화면\자료구조\LABHW11\LABHW11\Debug\HW6_2_1a.exe" /INCREMENTAL /NOLOGO kernel32.lib user32.lib gdi32.lib winspool.lib comdlg32.lib advapi32.lib shell32.lib ole32.lib oleaut32.lib uuid.lib odbc32.lib odbccp32.lib /MANIFEST /ManifestFile:"Debug\HW6_2_1a.exe.intermediate.manifest" /MANIFESTUAC:"level='asInvoker' uiAccess='false'" /DEBUG /PDB:"C:\Users\Home\OneDrive\바탕 화면\자료구조\LABHW11\LABHW11\Debug\HW6_2_1a.pdb" /SUBSYSTEM:CONSOLE /TLBID:1 /DYNAMICBASE /NXCOMPAT /IMPLIB:"C:\Users\Home\OneDrive\바탕 화면\자료구조\LABHW11\LABHW11\Debug\HW6_2_1a.lib" /MACHINE:X86 Debug\HW6_2_1a.exe.embed.manifest.res
         Debug\HW6_2_1.obj
       Manifest:
         C:\Program Files (x86)\Microsoft SDKs\Windows\v7.0A\bin\mt.exe /nologo /verbose /out:"Debug\HW6_2_1a.exe.embed.manifest" /manifest Debug\HW6_2_1a.exe.intermediate.manifest
         All outputs are up-to-date.
       LinkEmbedManifest:
         All outputs are up-to-date.
         HW6_2_1.vcxproj -> C:\Users\Home\OneDrive\바탕 화면\자료구조\LABHW11\LABHW11\Debug\HW6_2_1a.exe
       FinalizeBuildStatus:
         Deleting file "Debug\HW6_2_1a.unsuccessfulbuild".
         Touching "Debug\HW6_2_1a.lastbuildstate".
     1>Done Building Project "C:\Users\Home\OneDrive\바탕 화면\자료구조\LABHW11\LABHW11\HW6_2_1\HW6_2_1.vcxproj" (build target(s)).

Build succeeded.

Time Elapsed 00:00:04.92
