Build started 2020-10-16 오후 10:42:24.
     1>Project "C:\Users\Home\OneDrive\바탕 화면\자료구조\LABHW7\LABHW7\HW2_2_2\HW2_2_2.vcxproj" on node 2 (build target(s)).
     1>InitializeBuildStatus:
         Creating "Debug\HW2_2_2.unsuccessfulbuild" because "AlwaysCreate" was specified.
       ClCompile:
         c:\Program Files (x86)\Microsoft Visual Studio 10.0\VC\bin\CL.exe /c /ZI /nologo /W3 /WX- /Od /Oy- /D WIN32 /D _DEBUG /D _CONSOLE /D _UNICODE /D UNICODE /Gm /EHsc /RTC1 /MDd /GS /fp:precise /Zc:wchar_t /Zc:forScope /Fo"Debug\\" /Fd"Debug\vc100.pdb" /Gd /TC /analyze- /errorReport:prompt HW2_2_2.c
         HW2_2_2.c
     1>c:\users\home\onedrive\바탕 화면\자료구조\labhw7\labhw7\hw2_2_2\hw2_2_2.c(46): warning C4101: 'e' : unreferenced local variable
     1>c:\users\home\onedrive\바탕 화면\자료구조\labhw7\labhw7\hw2_2_2\hw2_2_2.c(94): warning C4996: 'strcpy': This function or variable may be unsafe. Consider using strcpy_s instead. To disable deprecation, use _CRT_SECURE_NO_WARNINGS. See online help for details.
                 c:\program files (x86)\microsoft visual studio 10.0\vc\include\string.h(105) : see declaration of 'strcpy'
     1>c:\users\home\onedrive\바탕 화면\자료구조\labhw7\labhw7\hw2_2_2\hw2_2_2.c(99): warning C4996: 'strcpy': This function or variable may be unsafe. Consider using strcpy_s instead. To disable deprecation, use _CRT_SECURE_NO_WARNINGS. See online help for details.
                 c:\program files (x86)\microsoft visual studio 10.0\vc\include\string.h(105) : see declaration of 'strcpy'
     1>c:\users\home\onedrive\바탕 화면\자료구조\labhw7\labhw7\hw2_2_2\hw2_2_2.c(104): warning C4996: 'strcpy': This function or variable may be unsafe. Consider using strcpy_s instead. To disable deprecation, use _CRT_SECURE_NO_WARNINGS. See online help for details.
                 c:\program files (x86)\microsoft visual studio 10.0\vc\include\string.h(105) : see declaration of 'strcpy'
     1>c:\users\home\onedrive\바탕 화면\자료구조\labhw7\labhw7\hw2_2_2\hw2_2_2.c(109): warning C4996: 'strcpy': This function or variable may be unsafe. Consider using strcpy_s instead. To disable deprecation, use _CRT_SECURE_NO_WARNINGS. See online help for details.
                 c:\program files (x86)\microsoft visual studio 10.0\vc\include\string.h(105) : see declaration of 'strcpy'
     1>c:\users\home\onedrive\바탕 화면\자료구조\labhw7\labhw7\hw2_2_2\hw2_2_2.c(117): warning C4996: 'strcpy': This function or variable may be unsafe. Consider using strcpy_s instead. To disable deprecation, use _CRT_SECURE_NO_WARNINGS. See online help for details.
                 c:\program files (x86)\microsoft visual studio 10.0\vc\include\string.h(105) : see declaration of 'strcpy'
     1>c:\users\home\onedrive\바탕 화면\자료구조\labhw7\labhw7\hw2_2_2\hw2_2_2.c(72): warning C4715: 'pop' : not all control paths return a value
     1>c:\users\home\onedrive\바탕 화면\자료구조\labhw7\labhw7\hw2_2_2\hw2_2_2.c(83): warning C4715: 'peek' : not all control paths return a value
       ManifestResourceCompile:
         All outputs are up-to-date.
       Link:
         c:\Program Files (x86)\Microsoft Visual Studio 10.0\VC\bin\link.exe /ERRORREPORT:PROMPT /OUT:"C:\Users\Home\OneDrive\바탕 화면\자료구조\LABHW7\LABHW7\Debug\HW2_2_2.exe" /INCREMENTAL /NOLOGO kernel32.lib user32.lib gdi32.lib winspool.lib comdlg32.lib advapi32.lib shell32.lib ole32.lib oleaut32.lib uuid.lib odbc32.lib odbccp32.lib /MANIFEST /ManifestFile:"Debug\HW2_2_2.exe.intermediate.manifest" /MANIFESTUAC:"level='asInvoker' uiAccess='false'" /DEBUG /PDB:"C:\Users\Home\OneDrive\바탕 화면\자료구조\LABHW7\LABHW7\Debug\HW2_2_2.pdb" /SUBSYSTEM:CONSOLE /TLBID:1 /DYNAMICBASE /NXCOMPAT /IMPLIB:"C:\Users\Home\OneDrive\바탕 화면\자료구조\LABHW7\LABHW7\Debug\HW2_2_2.lib" /MACHINE:X86 Debug\HW2_2_2.exe.embed.manifest.res
         Debug\HW2_2_2.obj
       Manifest:
         C:\Program Files (x86)\Microsoft SDKs\Windows\v7.0A\bin\mt.exe /nologo /verbose /out:"Debug\HW2_2_2.exe.embed.manifest" /manifest Debug\HW2_2_2.exe.intermediate.manifest
         All outputs are up-to-date.
       LinkEmbedManifest:
         All outputs are up-to-date.
         HW2_2_2.vcxproj -> C:\Users\Home\OneDrive\바탕 화면\자료구조\LABHW7\LABHW7\Debug\HW2_2_2.exe
       FinalizeBuildStatus:
         Deleting file "Debug\HW2_2_2.unsuccessfulbuild".
         Touching "Debug\HW2_2_2.lastbuildstate".
     1>Done Building Project "C:\Users\Home\OneDrive\바탕 화면\자료구조\LABHW7\LABHW7\HW2_2_2\HW2_2_2.vcxproj" (build target(s)).

Build succeeded.

Time Elapsed 00:00:01.31
