Build started 2020-10-23 오후 4:25:17.
     1>Project "C:\Users\Home\OneDrive\바탕 화면\자료구조\LABHW7\LABHW7\반복적인순회\반복적인순회.vcxproj" on node 2 (build target(s)).
     1>InitializeBuildStatus:
         Creating "Debug\반복적인순회.unsuccessfulbuild" because "AlwaysCreate" was specified.
       ClCompile:
         c:\Program Files (x86)\Microsoft Visual Studio 10.0\VC\bin\CL.exe /c /ZI /nologo /W3 /WX- /Od /Oy- /D WIN32 /D _DEBUG /D _CONSOLE /D _UNICODE /D UNICODE /Gm /EHsc /RTC1 /MDd /GS /fp:precise /Zc:wchar_t /Zc:forScope /Fo"Debug\\" /Fd"Debug\vc100.pdb" /Gd /TC /analyze- /errorReport:prompt "반복적인순회.c"
         반복적인순회.c
     1>c:\users\home\onedrive\바탕 화면\자료구조\labhw7\labhw7\반복적인순회\반복적인순회.c(56): warning C4715: 'pop' : not all control paths return a value
       ManifestResourceCompile:
         All outputs are up-to-date.
       Link:
         c:\Program Files (x86)\Microsoft Visual Studio 10.0\VC\bin\link.exe /ERRORREPORT:PROMPT /OUT:"C:\Users\Home\OneDrive\바탕 화면\자료구조\LABHW7\LABHW7\Debug\반복적인순회.exe" /INCREMENTAL /NOLOGO kernel32.lib user32.lib gdi32.lib winspool.lib comdlg32.lib advapi32.lib shell32.lib ole32.lib oleaut32.lib uuid.lib odbc32.lib odbccp32.lib /MANIFEST /ManifestFile:"Debug\반복적인순회.exe.intermediate.manifest" /MANIFESTUAC:"level='asInvoker' uiAccess='false'" /DEBUG /PDB:"C:\Users\Home\OneDrive\바탕 화면\자료구조\LABHW7\LABHW7\Debug\반복적인순회.pdb" /SUBSYSTEM:CONSOLE /TLBID:1 /DYNAMICBASE /NXCOMPAT /IMPLIB:"C:\Users\Home\OneDrive\바탕 화면\자료구조\LABHW7\LABHW7\Debug\반복적인순회.lib" /MACHINE:X86 "Debug\반복적인순회.exe.embed.manifest.res"
         "Debug\반복적인순회.obj"
       Manifest:
         C:\Program Files (x86)\Microsoft SDKs\Windows\v7.0A\bin\mt.exe /nologo /verbose /out:"Debug\반복적인순회.exe.embed.manifest" /manifest "Debug\반복적인순회.exe.intermediate.manifest"
         All outputs are up-to-date.
       LinkEmbedManifest:
         All outputs are up-to-date.
         반복적인순회.vcxproj -> C:\Users\Home\OneDrive\바탕 화면\자료구조\LABHW7\LABHW7\Debug\반복적인순회.exe
       FinalizeBuildStatus:
         Deleting file "Debug\반복적인순회.unsuccessfulbuild".
         Touching "Debug\반복적인순회.lastbuildstate".
     1>Done Building Project "C:\Users\Home\OneDrive\바탕 화면\자료구조\LABHW7\LABHW7\반복적인순회\반복적인순회.vcxproj" (build target(s)).

Build succeeded.

Time Elapsed 00:00:06.31
