Build started 2020-10-05 오전 2:05:51.
     1>Project "C:\Users\Home\OneDrive\바탕 화면\자료구조\LABHW5\LABHW5\HW1_1(재제출)\HW1_1(재제출).vcxproj" on node 2 (build target(s)).
     1>InitializeBuildStatus:
         Creating "Debug\HW1_1(재제출).unsuccessfulbuild" because "AlwaysCreate" was specified.
       ClCompile:
         c:\Program Files (x86)\Microsoft Visual Studio 10.0\VC\bin\CL.exe /c /ZI /nologo /W3 /WX- /Od /Oy- /D WIN32 /D _DEBUG /D _CONSOLE /D _UNICODE /D UNICODE /Gm /EHsc /RTC1 /MDd /GS /fp:precise /Zc:wchar_t /Zc:forScope /Fo"Debug\\" /Fd"Debug\vc100.pdb" /Gd /TC /analyze- /errorReport:prompt "HW1_1(재제출).c"
         HW1_1(재제출).c
       ManifestResourceCompile:
         All outputs are up-to-date.
       Link:
         c:\Program Files (x86)\Microsoft Visual Studio 10.0\VC\bin\link.exe /ERRORREPORT:PROMPT /OUT:"C:\Users\Home\OneDrive\바탕 화면\자료구조\LABHW5\LABHW5\Debug\HW1_1(재제출).exe" /INCREMENTAL /NOLOGO kernel32.lib user32.lib gdi32.lib winspool.lib comdlg32.lib advapi32.lib shell32.lib ole32.lib oleaut32.lib uuid.lib odbc32.lib odbccp32.lib /MANIFEST /ManifestFile:"Debug\HW1_1(재제출).exe.intermediate.manifest" /MANIFESTUAC:"level='asInvoker' uiAccess='false'" /DEBUG /PDB:"C:\Users\Home\OneDrive\바탕 화면\자료구조\LABHW5\LABHW5\Debug\HW1_1(재제출).pdb" /SUBSYSTEM:CONSOLE /TLBID:1 /DYNAMICBASE /NXCOMPAT /IMPLIB:"C:\Users\Home\OneDrive\바탕 화면\자료구조\LABHW5\LABHW5\Debug\HW1_1(재제출).lib" /MACHINE:X86 "Debug\HW1_1(재제출).exe.embed.manifest.res"
         "Debug\HW1_1(재제출).obj"
       Manifest:
         C:\Program Files (x86)\Microsoft SDKs\Windows\v7.0A\bin\mt.exe /nologo /verbose /out:"Debug\HW1_1(재제출).exe.embed.manifest" /manifest "Debug\HW1_1(재제출).exe.intermediate.manifest"
         All outputs are up-to-date.
       LinkEmbedManifest:
         All outputs are up-to-date.
         HW1_1(재제출).vcxproj -> C:\Users\Home\OneDrive\바탕 화면\자료구조\LABHW5\LABHW5\Debug\HW1_1(재제출).exe
       FinalizeBuildStatus:
         Deleting file "Debug\HW1_1(재제출).unsuccessfulbuild".
         Touching "Debug\HW1_1(재제출).lastbuildstate".
     1>Done Building Project "C:\Users\Home\OneDrive\바탕 화면\자료구조\LABHW5\LABHW5\HW1_1(재제출)\HW1_1(재제출).vcxproj" (build target(s)).

Build succeeded.

Time Elapsed 00:00:01.34
