Build started 2020-11-11 오후 8:05:22.
     1>Project "C:\Users\Home\OneDrive\바탕 화면\자료구조\LABHW10\LABHW10\재제출(중간고사문제C)\재제출(중간고사문제C).vcxproj" on node 2 (build target(s)).
     1>InitializeBuildStatus:
         Creating "Debug\재제출(중간고사문제C).unsuccessfulbuild" because "AlwaysCreate" was specified.
       ClCompile:
         c:\Program Files (x86)\Microsoft Visual Studio 10.0\VC\bin\CL.exe /c /ZI /nologo /W3 /WX- /Od /Oy- /D WIN32 /D _DEBUG /D _CONSOLE /D _UNICODE /D UNICODE /Gm /EHsc /RTC1 /MDd /GS /fp:precise /Zc:wchar_t /Zc:forScope /Fo"Debug\\" /Fd"Debug\vc100.pdb" /Gd /TC /analyze- /errorReport:prompt "재제출(중간고사문제C).c"
         재제출(중간고사문제C).c
     1>c:\users\home\onedrive\바탕 화면\자료구조\labhw10\labhw10\재제출(중간고사문제c)\재제출(중간고사문제c).c(31): warning C4996: 'scanf': This function or variable may be unsafe. Consider using scanf_s instead. To disable deprecation, use _CRT_SECURE_NO_WARNINGS. See online help for details.
                 c:\program files (x86)\microsoft visual studio 10.0\vc\include\stdio.h(304) : see declaration of 'scanf'
     1>c:\users\home\onedrive\바탕 화면\자료구조\labhw10\labhw10\재제출(중간고사문제c)\재제출(중간고사문제c).c(34): warning C4996: 'scanf': This function or variable may be unsafe. Consider using scanf_s instead. To disable deprecation, use _CRT_SECURE_NO_WARNINGS. See online help for details.
                 c:\program files (x86)\microsoft visual studio 10.0\vc\include\stdio.h(304) : see declaration of 'scanf'
       ManifestResourceCompile:
         All outputs are up-to-date.
       Link:
         c:\Program Files (x86)\Microsoft Visual Studio 10.0\VC\bin\link.exe /ERRORREPORT:PROMPT /OUT:"C:\Users\Home\OneDrive\바탕 화면\자료구조\LABHW10\LABHW10\Debug\재제출(중간고사문제C).exe" /INCREMENTAL /NOLOGO kernel32.lib user32.lib gdi32.lib winspool.lib comdlg32.lib advapi32.lib shell32.lib ole32.lib oleaut32.lib uuid.lib odbc32.lib odbccp32.lib /MANIFEST /ManifestFile:"Debug\재제출(중간고사문제C).exe.intermediate.manifest" /MANIFESTUAC:"level='asInvoker' uiAccess='false'" /DEBUG /PDB:"C:\Users\Home\OneDrive\바탕 화면\자료구조\LABHW10\LABHW10\Debug\재제출(중간고사문제C).pdb" /SUBSYSTEM:CONSOLE /TLBID:1 /DYNAMICBASE /NXCOMPAT /IMPLIB:"C:\Users\Home\OneDrive\바탕 화면\자료구조\LABHW10\LABHW10\Debug\재제출(중간고사문제C).lib" /MACHINE:X86 "Debug\재제출(중간고사문제C).exe.embed.manifest.res"
         "Debug\재제출(중간고사문제C).obj"
       Manifest:
         C:\Program Files (x86)\Microsoft SDKs\Windows\v7.0A\bin\mt.exe /nologo /verbose /out:"Debug\재제출(중간고사문제C).exe.embed.manifest" /manifest "Debug\재제출(중간고사문제C).exe.intermediate.manifest"
         All outputs are up-to-date.
       LinkEmbedManifest:
         All outputs are up-to-date.
         재제출(중간고사문제C).vcxproj -> C:\Users\Home\OneDrive\바탕 화면\자료구조\LABHW10\LABHW10\Debug\재제출(중간고사문제C).exe
       FinalizeBuildStatus:
         Deleting file "Debug\재제출(중간고사문제C).unsuccessfulbuild".
         Touching "Debug\재제출(중간고사문제C).lastbuildstate".
     1>Done Building Project "C:\Users\Home\OneDrive\바탕 화면\자료구조\LABHW10\LABHW10\재제출(중간고사문제C)\재제출(중간고사문제C).vcxproj" (build target(s)).

Build succeeded.

Time Elapsed 00:00:03.29
