Build started 2020-10-12 오후 9:22:49.
     1>Project "C:\Users\Home\OneDrive\바탕 화면\자료구조\LABHW6\LABHW6\HW1_3(4주차 6p)\HW1_3(4주차 6p).vcxproj" on node 2 (build target(s)).
     1>InitializeBuildStatus:
         Creating "Debug\HW1_3(4주차 6p).unsuccessfulbuild" because "AlwaysCreate" was specified.
       ClCompile:
         c:\Program Files (x86)\Microsoft Visual Studio 10.0\VC\bin\CL.exe /c /ZI /nologo /W3 /WX- /Od /Oy- /D WIN32 /D _DEBUG /D _CONSOLE /D _UNICODE /D UNICODE /Gm /EHsc /RTC1 /MDd /GS /fp:precise /Zc:wchar_t /Zc:forScope /Fo"Debug\\" /Fd"Debug\vc100.pdb" /Gd /TC /analyze- /errorReport:prompt "HW1_3(4주차 6p).c"
         HW1_3(4주차 6p).c
     1>c:\users\home\onedrive\바탕 화면\자료구조\labhw6\labhw6\hw1_3(4주차 6p)\hw1_3(4주차 6p).c(78): warning C4101: 'removed' : unreferenced local variable
     1>c:\users\home\onedrive\바탕 화면\자료구조\labhw6\labhw6\hw1_3(4주차 6p)\hw1_3(4주차 6p).c(222): warning C4033: 'insert_pos' must return a value
     1>c:\users\home\onedrive\바탕 화면\자료구조\labhw6\labhw6\hw1_3(4주차 6p)\hw1_3(4주차 6p).c(247): warning C4033: 'delete_pos' must return a value
     1>c:\users\home\onedrive\바탕 화면\자료구조\labhw6\labhw6\hw1_3(4주차 6p)\hw1_3(4주차 6p).c(294): warning C4101: 'p' : unreferenced local variable
     1>c:\users\home\onedrive\바탕 화면\자료구조\labhw6\labhw6\hw1_3(4주차 6p)\hw1_3(4주차 6p).c(306): warning C4996: 'scanf': This function or variable may be unsafe. Consider using scanf_s instead. To disable deprecation, use _CRT_SECURE_NO_WARNINGS. See online help for details.
                 c:\program files (x86)\microsoft visual studio 10.0\vc\include\stdio.h(304) : see declaration of 'scanf'
     1>c:\users\home\onedrive\바탕 화면\자료구조\labhw6\labhw6\hw1_3(4주차 6p)\hw1_3(4주차 6p).c(320): warning C4996: 'scanf': This function or variable may be unsafe. Consider using scanf_s instead. To disable deprecation, use _CRT_SECURE_NO_WARNINGS. See online help for details.
                 c:\program files (x86)\microsoft visual studio 10.0\vc\include\stdio.h(304) : see declaration of 'scanf'
     1>c:\users\home\onedrive\바탕 화면\자료구조\labhw6\labhw6\hw1_3(4주차 6p)\hw1_3(4주차 6p).c(326): warning C4996: 'scanf': This function or variable may be unsafe. Consider using scanf_s instead. To disable deprecation, use _CRT_SECURE_NO_WARNINGS. See online help for details.
                 c:\program files (x86)\microsoft visual studio 10.0\vc\include\stdio.h(304) : see declaration of 'scanf'
     1>c:\users\home\onedrive\바탕 화면\자료구조\labhw6\labhw6\hw1_3(4주차 6p)\hw1_3(4주차 6p).c(211): warning C4715: 'get_entry' : not all control paths return a value
     1>c:\users\home\onedrive\바탕 화면\자료구조\labhw6\labhw6\hw1_3(4주차 6p)\hw1_3(4주차 6p).c(236): warning C4715: 'insert_pos' : not all control paths return a value
     1>c:\users\home\onedrive\바탕 화면\자료구조\labhw6\labhw6\hw1_3(4주차 6p)\hw1_3(4주차 6p).c(264): warning C4715: 'delete_pos' : not all control paths return a value
       ManifestResourceCompile:
         All outputs are up-to-date.
       Link:
         c:\Program Files (x86)\Microsoft Visual Studio 10.0\VC\bin\link.exe /ERRORREPORT:PROMPT /OUT:"C:\Users\Home\OneDrive\바탕 화면\자료구조\LABHW6\LABHW6\Debug\HW1_3(4주차 6p).exe" /INCREMENTAL /NOLOGO kernel32.lib user32.lib gdi32.lib winspool.lib comdlg32.lib advapi32.lib shell32.lib ole32.lib oleaut32.lib uuid.lib odbc32.lib odbccp32.lib /MANIFEST /ManifestFile:"Debug\HW1_3(4주차 6p).exe.intermediate.manifest" /MANIFESTUAC:"level='asInvoker' uiAccess='false'" /DEBUG /PDB:"C:\Users\Home\OneDrive\바탕 화면\자료구조\LABHW6\LABHW6\Debug\HW1_3(4주차 6p).pdb" /SUBSYSTEM:CONSOLE /TLBID:1 /DYNAMICBASE /NXCOMPAT /IMPLIB:"C:\Users\Home\OneDrive\바탕 화면\자료구조\LABHW6\LABHW6\Debug\HW1_3(4주차 6p).lib" /MACHINE:X86 "Debug\HW1_3(4주차 6p).exe.embed.manifest.res"
         "Debug\HW1_3(4주차 6p).obj"
       Manifest:
         C:\Program Files (x86)\Microsoft SDKs\Windows\v7.0A\bin\mt.exe /nologo /verbose /out:"Debug\HW1_3(4주차 6p).exe.embed.manifest" /manifest "Debug\HW1_3(4주차 6p).exe.intermediate.manifest"
         All outputs are up-to-date.
       LinkEmbedManifest:
         All outputs are up-to-date.
         HW1_3(4주차 6p).vcxproj -> C:\Users\Home\OneDrive\바탕 화면\자료구조\LABHW6\LABHW6\Debug\HW1_3(4주차 6p).exe
       FinalizeBuildStatus:
         Deleting file "Debug\HW1_3(4주차 6p).unsuccessfulbuild".
         Touching "Debug\HW1_3(4주차 6p).lastbuildstate".
     1>Done Building Project "C:\Users\Home\OneDrive\바탕 화면\자료구조\LABHW6\LABHW6\HW1_3(4주차 6p)\HW1_3(4주차 6p).vcxproj" (build target(s)).

Build succeeded.

Time Elapsed 00:00:02.23
